2021-10-08 15:24:59,921 INFO 24678 [egg-schedule]: register schedule /Users/wy/project/node-log/node_modules/egg-multipart/app/schedule/clean_tmpdir.js
2021-10-08 15:24:59,921 INFO 24678 [egg-schedule]: register schedule /Users/wy/project/node-log/node_modules/egg-logrotator/app/schedule/clean_log.js
2021-10-08 15:24:59,921 INFO 24678 [egg-schedule]: register schedule /Users/wy/project/node-log/node_modules/egg-logrotator/app/schedule/rotate_by_file.js
2021-10-08 15:25:00,894 INFO 24671 [Timer] /Users/wy/project/node-log/node_modules/egg-multipart/app/schedule/clean_tmpdir.js next time will execute after 47099109ms at 2021-10-09 04:30:00.003
2021-10-08 15:25:00,895 INFO 24671 [Timer] /Users/wy/project/node-log/node_modules/egg-logrotator/app/schedule/clean_log.js next time will execute after 30899106ms at 2021-10-09 00:00:00.001
2021-10-08 15:25:00,896 INFO 24671 [Timer] /Users/wy/project/node-log/node_modules/egg-logrotator/app/schedule/rotate_by_file.js next time will execute after 30900105ms at 2021-10-09 00:00:01.001
2021-10-08 15:26:15,049 INFO 24741 [egg-schedule]: register schedule /Users/wy/project/node-log/node_modules/egg-multipart/app/schedule/clean_tmpdir.js
2021-10-08 15:26:15,049 INFO 24741 [egg-schedule]: register schedule /Users/wy/project/node-log/node_modules/egg-logrotator/app/schedule/clean_log.js
2021-10-08 15:26:15,049 INFO 24741 [egg-schedule]: register schedule /Users/wy/project/node-log/node_modules/egg-logrotator/app/schedule/rotate_by_file.js
2021-10-08 15:56:14,872 INFO 25196 [egg-schedule]: register schedule /Users/wy/project/node-log/node_modules/egg-multipart/app/schedule/clean_tmpdir.js
2021-10-08 15:56:14,872 INFO 25196 [egg-schedule]: register schedule /Users/wy/project/node-log/node_modules/egg-logrotator/app/schedule/clean_log.js
2021-10-08 15:56:14,872 INFO 25196 [egg-schedule]: register schedule /Users/wy/project/node-log/node_modules/egg-logrotator/app/schedule/rotate_by_file.js
2021-10-09 10:07:43,309 INFO 45838 [egg-schedule]: register schedule /Users/wy/project/node-log/node_modules/egg-multipart/app/schedule/clean_tmpdir.js
2021-10-09 10:07:43,309 INFO 45838 [egg-schedule]: register schedule /Users/wy/project/node-log/node_modules/egg-logrotator/app/schedule/clean_log.js
2021-10-09 10:07:43,309 INFO 45838 [egg-schedule]: register schedule /Users/wy/project/node-log/node_modules/egg-logrotator/app/schedule/rotate_by_file.js
2021-10-09 10:07:46,677 INFO 45834 [Timer] /Users/wy/project/node-log/node_modules/egg-multipart/app/schedule/clean_tmpdir.js next time will execute after 66133327ms at 2021-10-10 04:30:00.004
2021-10-09 10:07:46,678 INFO 45834 [Timer] /Users/wy/project/node-log/node_modules/egg-logrotator/app/schedule/clean_log.js next time will execute after 49933323ms at 2021-10-10 00:00:00.001
2021-10-09 10:07:46,678 INFO 45834 [Timer] /Users/wy/project/node-log/node_modules/egg-logrotator/app/schedule/rotate_by_file.js next time will execute after 49934322ms at 2021-10-10 00:00:01.000
2021-10-09 10:08:16,476 INFO 45883 [egg-schedule]: register schedule /Users/wy/project/node-log/node_modules/egg-multipart/app/schedule/clean_tmpdir.js
2021-10-09 10:08:16,476 INFO 45883 [egg-schedule]: register schedule /Users/wy/project/node-log/node_modules/egg-logrotator/app/schedule/clean_log.js
2021-10-09 10:08:16,476 INFO 45883 [egg-schedule]: register schedule /Users/wy/project/node-log/node_modules/egg-logrotator/app/schedule/rotate_by_file.js
